<?xml version="1.0" encoding="UTF-8"?>
<!-- Generated by org.testng.reporters.JUnitXMLReporter -->
<testsuite ignored="0" hostname="CatherineAbello" failures="0" tests="6" name="Test" time="39.922" errors="0" timestamp="2026-04-16T22:25:02 EDT">
  <testcase classname="testing.Testing" name="TC2" time="4.833"/>
  <testcase classname="testing.Testing" name="TC2" time="4.785"/>
  <testcase classname="testing.Testing" name="TC2" time="4.88"/>
  <testcase classname="testing.Testing" name="TC1" time="4.712"/>
  <testcase classname="testing.Testing" name="TC1" time="4.848"/>
  <testcase classname="testing.Testing" name="TC1" time="4.802"/>
</testsuite> <!-- Test -->
