<?xml version="1.0" encoding="UTF-8"?>
<!-- Generated by org.testng.reporters.JUnitXMLReporter -->
<testsuite ignored="6" hostname="CatherineAbello" failures="0" tests="3" name="Test" time="24.92" errors="0" timestamp="2026-05-10T16:19:07 PST">
  <testcase classname="testing.Testing" name="testDropDown" time="4.647"/>
  <testcase classname="testing.Testing" name="testDropDown" time="5.219"/>
  <testcase classname="testing.Testing" name="testDropDown" time="5.412"/>
  <testcase classname="testing.Testing" name="windowTabTest" time="0.0">
    <ignored/>
  </testcase> <!-- windowTabTest -->
  <testcase classname="testing.Testing" name="TC2" time="0.0">
    <ignored/>
  </testcase> <!-- TC2 -->
  <testcase classname="testing.Testing" name="TC1" time="0.0">
    <ignored/>
  </testcase> <!-- TC1 -->
  <testcase classname="testing.Testing" name="testCalendar" time="0.0">
    <ignored/>
  </testcase> <!-- testCalendar -->
  <testcase classname="testing.Testing" name="FrameHandle" time="0.0">
    <ignored/>
  </testcase> <!-- FrameHandle -->
  <testcase classname="testing.Testing" name="actionsTest" time="0.0">
    <ignored/>
  </testcase> <!-- actionsTest -->
</testsuite> <!-- Test -->
