<?xml version="1.0" encoding="UTF-8"?>
<!-- Generated by org.testng.reporters.JUnitXMLReporter -->
<testsuite ignored="0" hostname="CatherineAbello" failures="0" tests="4" name="Test" time="35.231" errors="0" timestamp="2026-05-01T11:18:35 PST">
  <testcase classname="testing.Testing" name="testCalendar" time="2.781"/>
  <testcase classname="testing.Testing" name="testDropDown" time="5.312"/>
  <testcase classname="testing.Testing" name="testDropDown" time="5.509"/>
  <testcase classname="testing.Testing" name="testDropDown" time="4.226"/>
</testsuite> <!-- Test -->
