<?xml version="1.0" encoding="UTF-8"?>
<testng-results ignored="0" total="1" passed="1" failed="0" skipped="0">
  <reporter-output>
  </reporter-output>
  <suite started-at="2026-04-21T12:53:44 EDT" name="Default suite" finished-at="2026-04-21T12:53:53 EDT" duration-ms="8769">
    <groups>
    </groups>
    <test started-at="2026-04-21T12:53:44 EDT" name="Default test" finished-at="2026-04-21T12:53:53 EDT" duration-ms="8769">
      <class name="testing.Testing">
        <test-method is-config="true" signature="launchBrowser()[pri:0, instance:testing.Testing@5b12b668]" started-at="2026-04-21T12:53:44 EDT" name="launchBrowser" finished-at="2026-04-21T12:53:47 EDT" duration-ms="3520" status="PASS">
          <reporter-output>
          </reporter-output>
        </test-method> <!-- launchBrowser -->
        <test-method signature="windowTabTest()[pri:0, instance:testing.Testing@5b12b668]" started-at="2026-04-21T12:53:47 EDT" name="windowTabTest" finished-at="2026-04-21T12:53:53 EDT" duration-ms="5184" status="PASS">
          <reporter-output>
          </reporter-output>
        </test-method> <!-- windowTabTest -->
      </class> <!-- testing.Testing -->
    </test> <!-- Default test -->
  </suite> <!-- Default suite -->
</testng-results>
