<?xml version="1.0" encoding="UTF-8"?>
<!-- Generated by org.testng.reporters.JUnitReportReporter -->
<testsuite hostname="CatherineAbello" failures="0" tests="6" name="testing.Testing" time="39.841" errors="0" timestamp="2026-04-16T22:25:02 EDT" skipped="0">
  <testcase classname="testing.Testing" name="TC1" time="6.347"/>
  <testcase classname="testing.Testing" name="TC2" time="6.537"/>
  <testcase classname="testing.Testing" name="TC1" time="6.448"/>
  <testcase classname="testing.Testing" name="TC2" time="6.338"/>
  <testcase classname="testing.Testing" name="TC1" time="6.387"/>
  <testcase classname="testing.Testing" name="TC2" time="7.784"/>
</testsuite> <!-- testing.Testing -->
