<?xml version="1.0" encoding="UTF-8"?>
<!-- Generated by org.testng.reporters.JUnitReportReporter -->
<testsuite hostname="CatherineAbello" failures="0" tests="3" name="testing.Testing" time="24.796" errors="0" timestamp="2026-05-10T16:19:07 PST" skipped="0">
  <testcase classname="testing.Testing" name="testDropDown" time="9.886"/>
  <testcase classname="testing.Testing" name="testDropDown" time="7.462"/>
  <testcase classname="testing.Testing" name="testDropDown" time="7.448"/>
</testsuite> <!-- testing.Testing -->
